Arguments: 
  C:\Program Files\nodejs\node.exe C:\Users\Hoang Minh\AppData\Roaming\npm\node_modules\yarn\bin\yarn.js add socket.io-client

PATH: 
  C:\WINDOWS\system32;C:\WINDOWS;C:\WINDOWS\System32\Wbem;C:\WINDOWS\System32\WindowsPowerShell\v1.0\;C:\Program Files\nodejs\;C:\Program Files\Git\cmd;C:\Program Files\Intel\Intel(R) Memory and Storage Tool\;C:\WINDOWS\System32\OpenSSH\;C:\Program Files (x86)\NVIDIA Corporation\PhysX\Common;C:\Program Files\PowerShell\7\;C:\Users\Hoang Minh\AppData\Local\Microsoft\WindowsApps;C:\Users\Hoang Minh\AppData\Roaming\npm;C:\Users\Hoang Minh\AppData\Local\Programs\Microsoft VS Code\bin;C:\Users\Hoang Minh\AppData\Local\GitHubDesktop\bin;C:\Program Files\JetBrains\WebStorm 2021.3\bin

Yarn version: 
  1.22.17

Node version: 
  16.11.0

Platform: 
  win32 x64

Trace: 
  Error: EPERM: operation not permitted, unlink 'C:\Users\Hoang Minh\Desktop\HocLapTrinh\socket-io-example\client\node_modules\esbuild-windows-64\esbuild.exe'

npm manifest: 
  {
    "name": "client",
    "version": "0.0.0",
    "scripts": {
      "dev": "vite",
      "build": "tsc && vite build",
      "preview": "vite preview"
    },
    "dependencies": {
      "react": "^17.0.2",
      "react-dom": "^17.0.2"
    },
    "devDependencies": {
      "@types/react": "^17.0.33",
      "@types/react-dom": "^17.0.10",
      "@vitejs/plugin-react": "^1.0.7",
      "typescript": "^4.4.4",
      "vite": "^2.7.2"
    }
  }

yarn manifest: 
  No manifest

Lockfile: 
  No lockfile
